2018/11/01 19:53:38 [error] 1900#1900: *144 FastCGI sent in stderr: "PHP message: An Error occurred while handling another error:
Error: Call to undefined method filsh\yii2\oauth2server\Response::setStatusCodeByException() in /app/vendor/yiisoft/yii2/web/ErrorHandler.php:103
Stack trace:
#0 /app/vendor/yiisoft/yii2/base/ErrorHandler.php(111): yii\web\ErrorHandler->renderException(Object(Error))
#1 [internal function]: yii\base\ErrorHandler->handleException(Object(Error))
#2 {main}
Previous exception:
Error: Call to undefined method filsh\yii2\oauth2server\Response::on() in /app/vendor/yiisoft/yii2-debug/src/Module.php:199
Stack trace:
#0 [internal function]: yii\debug\Module->yii\debug\{closure}(Object(yii\base\Event))
#1 /app/vendor/yiisoft/yii2/base/Component.php(627): call_user_func(Object(Closure), Object(yii\base\Event))
#2 /app/vendor/yiisoft/yii2/base/Application.php(383): yii\base\Component->trigger('beforeRequest')
#3 /app/api/web/index.php(17): yii\base\Application->run()
#4 {main}
$_SERVER = [
    'USER' => 'vagrant',
    'HOME' => '/home/vagrant',
    'HTTP_ACC...
PHP message: PHP Fatal error:  Uncaught Error: Cannot access protected property filsh\yii2\oauth2server\Response::$statusCode in /app/vendor/yiisoft/yii2-debug/src/LogTarget.php:175
Stack trace:
#0 /app/vendor/yiisoft/yii2-debug/src/LogTarget.php(53): yii\debug\LogTarget->collectSummary()
#1 /app/vendor/yiisoft/yii2-debug/src/LogTarget.php(128): yii\debug\LogTarget->export()
#2 /app/vendor/yiisoft/yii2/log/Dispatcher.php(189): yii\debug\LogTarget->collect(Array, true)
#3 /app/vendor/yiisoft/yii2/log/Logger.php(177): yii\log\Dispatcher->dispatch(Array, true)
#4 [internal function]: yii\log\Logger->flush(true)
#5 {main}
  thrown in /app/vendor/yiisoft/yii2-debug/src/LogTarget.php on line 175
PHP message: PHP Stack trace:
PHP message: PHP   1. yii\web\ErrorHandler->handleException() /app/vendor/yiisoft/yii2/base/ErrorHandler.php:0
PHP message: PHP   2. yii\web\ErrorHandler->handleFallbackExceptionMessage() /app/vendor/yiisoft/yii2/base/ErrorHa
2018/11/01 19:56:14 [error] 1900#1900: *146 FastCGI sent in stderr: "PHP message: An Error occurred while handling another error:
Error: Call to undefined method filsh\yii2\oauth2server\Response::setStatusCodeByException() in /app/vendor/yiisoft/yii2/web/ErrorHandler.php:103
Stack trace:
#0 /app/vendor/yiisoft/yii2/base/ErrorHandler.php(111): yii\web\ErrorHandler->renderException(Object(Error))
#1 [internal function]: yii\base\ErrorHandler->handleException(Object(Error))
#2 {main}
Previous exception:
Error: Call to undefined method filsh\yii2\oauth2server\Request::getScriptFile() in /app/vendor/yiisoft/yii2/web/Application.php:66
Stack trace:
#0 /app/vendor/yiisoft/yii2/base/Application.php(273): yii\web\Application->bootstrap()
#1 /app/vendor/yiisoft/yii2/base/BaseObject.php(109): yii\base\Application->init()
#2 /app/vendor/yiisoft/yii2/base/Application.php(206): yii\base\BaseObject->__construct(Array)
#3 /app/api/web/index.php(17): yii\base\Application->__construct(Array)
#4 {main}
$_SERVER = [
    'USER' => 'vagrant',
    'HOME' => '/home/vagrant',
    'HTTP_ACCEPT_ENCO" while reading upstream, client: 192.168.83.1, server: api.shopscript.dev, request: "POST /oauth2/token HTTP/1.1", upstream: "fastcgi://unix:/var/run/php/php7.1-fpm.sock:", host: "api.shopscript.dev"
2018/11/01 19:56:40 [error] 1900#1900: *148 FastCGI sent in stderr: "PHP message: An Error occurred while handling another error:
Error: Call to undefined method filsh\yii2\oauth2server\Request::getIsAjax() in /app/vendor/yiisoft/yii2/web/ErrorHandler.php:499
Stack trace:
#0 /app/vendor/yiisoft/yii2/web/ErrorHandler.php(115): yii\web\ErrorHandler->shouldRenderSimpleHtml()
#1 /app/vendor/yiisoft/yii2/base/ErrorHandler.php(111): yii\web\ErrorHandler->renderException(Object(Error))
#2 [internal function]: yii\base\ErrorHandler->handleException(Object(Error))
#3 {main}
Previous exception:
Error: Call to undefined method filsh\yii2\oauth2server\Request::getScriptFile() in /app/vendor/yiisoft/yii2/web/Application.php:66
Stack trace:
#0 /app/vendor/yiisoft/yii2/base/Application.php(273): yii\web\Application->bootstrap()
#1 /app/vendor/yiisoft/yii2/base/BaseObject.php(109): yii\base\Application->init()
#2 /app/vendor/yiisoft/yii2/base/Application.php(206): yii\base\BaseObject->__construct(Array)
#3 /app/api/web/index.php(17): yii\base\Application->__construct(Array)
#4 {main}
$_SE" while reading upstream, client: 192.168.83.1, server: api.shopscript.dev, request: "POST /oauth2/token HTTP/1.1", upstream: "fastcgi://unix:/var/run/php/php7.1-fpm.sock:", host: "api.shopscript.dev"
2018/11/01 19:57:14 [error] 1900#1900: *152 FastCGI sent in stderr: "PHP message: An Error occurred while handling another error:
Error: Call to undefined method filsh\yii2\oauth2server\Response::setStatusCodeByException() in /app/vendor/yiisoft/yii2/web/ErrorHandler.php:103
Stack trace:
#0 /app/vendor/yiisoft/yii2/base/ErrorHandler.php(111): yii\web\ErrorHandler->renderException(Object(Error))
#1 [internal function]: yii\base\ErrorHandler->handleException(Object(Error))
#2 {main}
Previous exception:
Error: Call to undefined method filsh\yii2\oauth2server\Request::getScriptFile() in /app/vendor/yiisoft/yii2/web/Application.php:66
Stack trace:
#0 /app/vendor/yiisoft/yii2/base/Application.php(273): yii\web\Application->bootstrap()
#1 /app/vendor/yiisoft/yii2/base/BaseObject.php(109): yii\base\Application->init()
#2 /app/vendor/yiisoft/yii2/base/Application.php(206): yii\base\BaseObject->__construct(Array)
#3 /app/api/web/index.php(17): yii\base\Application->__construct(Array)
#4 {main}
$_SERVER = [
    'USER' => 'vagrant',
    'HOME' => '/home/vagrant',
    'HTTP_ACCEPT_ENCO" while reading upstream, client: 192.168.83.1, server: api.shopscript.dev, request: "POST /oauth2/token HTTP/1.1", upstream: "fastcgi://unix:/var/run/php/php7.1-fpm.sock:", host: "api.shopscript.dev"
2018/11/01 20:02:09 [error] 1900#1900: *156 FastCGI sent in stderr: "PHP message: An Error occurred while handling another error:
Error: Call to undefined method filsh\yii2\oauth2server\Response::setStatusCodeByException() in /app/vendor/yiisoft/yii2/web/ErrorHandler.php:103
Stack trace:
#0 /app/vendor/yiisoft/yii2/base/ErrorHandler.php(111): yii\web\ErrorHandler->renderException(Object(Error))
#1 [internal function]: yii\base\ErrorHandler->handleException(Object(Error))
#2 {main}
Previous exception:
Error: Call to undefined method filsh\yii2\oauth2server\Response::on() in /app/vendor/yiisoft/yii2-debug/src/Module.php:199
Stack trace:
#0 [internal function]: yii\debug\Module->yii\debug\{closure}(Object(yii\base\Event))
#1 /app/vendor/yiisoft/yii2/base/Component.php(627): call_user_func(Object(Closure), Object(yii\base\Event))
#2 /app/vendor/yiisoft/yii2/base/Application.php(383): yii\base\Component->trigger('beforeRequest')
#3 /app/api/web/index.php(17): yii\base\Application->run()
#4 {main}
$_SERVER = [
    'USER' => 'vagrant',
    'HOME' => '/home/vagrant',
    'HTTP_ACC...
PHP message: PHP Fatal error:  Uncaught Error: Cannot access protected property filsh\yii2\oauth2server\Response::$statusCode in /app/vendor/yiisoft/yii2-debug/src/LogTarget.php:175
Stack trace:
#0 /app/vendor/yiisoft/yii2-debug/src/LogTarget.php(53): yii\debug\LogTarget->collectSummary()
#1 /app/vendor/yiisoft/yii2-debug/src/LogTarget.php(128): yii\debug\LogTarget->export()
#2 /app/vendor/yiisoft/yii2/log/Dispatcher.php(189): yii\debug\LogTarget->collect(Array, true)
#3 /app/vendor/yiisoft/yii2/log/Logger.php(177): yii\log\Dispatcher->dispatch(Array, true)
#4 [internal function]: yii\log\Logger->flush(true)
#5 {main}
  thrown in /app/vendor/yiisoft/yii2-debug/src/LogTarget.php on line 175
PHP message: PHP Stack trace:
PHP message: PHP   1. yii\web\ErrorHandler->handleException() /app/vendor/yiisoft/yii2/base/ErrorHandler.php:0
PHP message: PHP   2. yii\web\ErrorHandler->handleFallbackExceptionMessage() /app/vendor/yiisoft/yii2/base/ErrorHa
2018/11/01 20:03:00 [error] 1900#1900: *158 FastCGI sent in stderr: "PHP message: An Error occurred while handling another error:
Error: Call to undefined method filsh\yii2\oauth2server\Request::getIsAjax() in /app/vendor/yiisoft/yii2/web/ErrorHandler.php:499
Stack trace:
#0 /app/vendor/yiisoft/yii2/web/ErrorHandler.php(115): yii\web\ErrorHandler->shouldRenderSimpleHtml()
#1 /app/vendor/yiisoft/yii2/base/ErrorHandler.php(111): yii\web\ErrorHandler->renderException(Object(Error))
#2 [internal function]: yii\base\ErrorHandler->handleException(Object(Error))
#3 {main}
Previous exception:
Error: Call to undefined method filsh\yii2\oauth2server\Request::getScriptFile() in /app/vendor/yiisoft/yii2/web/Application.php:66
Stack trace:
#0 /app/vendor/yiisoft/yii2/base/Application.php(273): yii\web\Application->bootstrap()
#1 /app/vendor/yiisoft/yii2/base/BaseObject.php(109): yii\base\Application->init()
#2 /app/vendor/yiisoft/yii2/base/Application.php(206): yii\base\BaseObject->__construct(Array)
#3 /app/api/web/index.php(17): yii\base\Application->__construct(Array)
#4 {main}
$_SE" while reading upstream, client: 192.168.83.1, server: api.shopscript.dev, request: "POST /oauth2/token HTTP/1.1", upstream: "fastcgi://unix:/var/run/php/php7.1-fpm.sock:", host: "api.shopscript.dev"
2018/11/01 20:04:08 [error] 1900#1900: *160 FastCGI sent in stderr: "PHP message: An Error occurred while handling another error:
Error: Call to undefined method filsh\yii2\oauth2server\Response::setStatusCodeByException() in /app/vendor/yiisoft/yii2/web/ErrorHandler.php:103
Stack trace:
#0 /app/vendor/yiisoft/yii2/base/ErrorHandler.php(111): yii\web\ErrorHandler->renderException(Object(Error))
#1 [internal function]: yii\base\ErrorHandler->handleException(Object(Error))
#2 {main}
Previous exception:
Error: Call to undefined method filsh\yii2\oauth2server\Request::getScriptFile() in /app/vendor/yiisoft/yii2/web/Application.php:66
Stack trace:
#0 /app/vendor/yiisoft/yii2/base/Application.php(273): yii\web\Application->bootstrap()
#1 /app/vendor/yiisoft/yii2/base/BaseObject.php(109): yii\base\Application->init()
#2 /app/vendor/yiisoft/yii2/base/Application.php(206): yii\base\BaseObject->__construct(Array)
#3 /app/api/web/index.php(17): yii\base\Application->__construct(Array)
#4 {main}
$_SERVER = [
    'USER' => 'vagrant',
    'HOME' => '/home/vagrant',
    'HTTP_ACCEPT_ENCO" while reading upstream, client: 192.168.83.1, server: api.shopscript.dev, request: "POST /oauth2/token HTTP/1.1", upstream: "fastcgi://unix:/var/run/php/php7.1-fpm.sock:", host: "api.shopscript.dev"
2018/11/01 20:08:25 [error] 1900#1900: *168 FastCGI sent in stderr: "PHP message: An Error occurred while handling another error:
Error: Call to undefined method filsh\yii2\oauth2server\Response::setStatusCodeByException() in /app/vendor/yiisoft/yii2/web/ErrorHandler.php:103
Stack trace:
#0 /app/vendor/yiisoft/yii2/base/ErrorHandler.php(111): yii\web\ErrorHandler->renderException(Object(Error))
#1 [internal function]: yii\base\ErrorHandler->handleException(Object(Error))
#2 {main}
Previous exception:
Error: Call to undefined method filsh\yii2\oauth2server\Request::getScriptFile() in /app/vendor/yiisoft/yii2/web/Application.php:66
Stack trace:
#0 /app/vendor/yiisoft/yii2/base/Application.php(273): yii\web\Application->bootstrap()
#1 /app/vendor/yiisoft/yii2/base/BaseObject.php(109): yii\base\Application->init()
#2 /app/vendor/yiisoft/yii2/base/Application.php(206): yii\base\BaseObject->__construct(Array)
#3 /app/api/web/index.php(17): yii\base\Application->__construct(Array)
#4 {main}
$_SERVER = [
    'USER' => 'vagrant',
    'HOME' => '/home/vagrant',
    'HTTP_ACCEPT_ENCO" while reading upstream, client: 192.168.83.1, server: api.shopscript.dev, request: "POST /oauth2/token HTTP/1.1", upstream: "fastcgi://unix:/var/run/php/php7.1-fpm.sock:", host: "api.shopscript.dev"
2018/11/01 20:32:09 [error] 1900#1900: *180 FastCGI sent in stderr: "PHP message: An Error occurred while handling another error:
Error: Call to undefined method OAuth2\Request::getIsAjax() in /app/vendor/yiisoft/yii2/web/ErrorHandler.php:499
Stack trace:
#0 /app/vendor/yiisoft/yii2/web/ErrorHandler.php(115): yii\web\ErrorHandler->shouldRenderSimpleHtml()
#1 /app/vendor/yiisoft/yii2/base/ErrorHandler.php(111): yii\web\ErrorHandler->renderException(Object(Error))
#2 [internal function]: yii\base\ErrorHandler->handleException(Object(Error))
#3 {main}
Previous exception:
Error: Call to undefined method OAuth2\Request::getScriptFile() in /app/vendor/yiisoft/yii2/web/Application.php:66
Stack trace:
#0 /app/vendor/yiisoft/yii2/base/Application.php(273): yii\web\Application->bootstrap()
#1 /app/vendor/yiisoft/yii2/base/BaseObject.php(109): yii\base\Application->init()
#2 /app/vendor/yiisoft/yii2/base/Application.php(206): yii\base\BaseObject->__construct(Array)
#3 /app/api/web/index.php(17): yii\base\Application->__construct(Array)
#4 {main}
$_SERVER = [
    'USER' => 'vagrant'," while reading upstream, client: 192.168.83.1, server: api.shopscript.dev, request: "POST /oauth2/token HTTP/1.1", upstream: "fastcgi://unix:/var/run/php/php7.1-fpm.sock:", host: "api.shopscript.dev"
2018/11/01 20:33:56 [error] 1900#1900: *182 FastCGI sent in stderr: "PHP message: An Error occurred while handling another error:
Error: Call to undefined method OAuth2\Response::setStatusCodeByException() in /app/vendor/yiisoft/yii2/web/ErrorHandler.php:103
Stack trace:
#0 /app/vendor/yiisoft/yii2/base/ErrorHandler.php(111): yii\web\ErrorHandler->renderException(Object(Error))
#1 [internal function]: yii\base\ErrorHandler->handleException(Object(Error))
#2 {main}
Previous exception:
Error: Call to undefined method OAuth2\Request::getScriptFile() in /app/vendor/yiisoft/yii2/web/Application.php:66
Stack trace:
#0 /app/vendor/yiisoft/yii2/base/Application.php(273): yii\web\Application->bootstrap()
#1 /app/vendor/yiisoft/yii2/base/BaseObject.php(109): yii\base\Application->init()
#2 /app/vendor/yiisoft/yii2/base/Application.php(206): yii\base\BaseObject->__construct(Array)
#3 /app/api/web/index.php(17): yii\base\Application->__construct(Array)
#4 {main}
$_SERVER = [
    'USER' => 'vagrant',
    'HOME' => '/home/vagrant',
    'HTTP_ACCEPT_ENCODING' => 'gzip,deflate',
    'HTTP" while reading upstream, client: 192.168.83.1, server: api.shopscript.dev, request: "POST /oauth2/token HTTP/1.1", upstream: "fastcgi://unix:/var/run/php/php7.1-fpm.sock:", host: "api.shopscript.dev"
2018/11/01 20:55:12 [error] 1900#1900: *184 FastCGI sent in stderr: "PHP message: An Error occurred while handling another error:
Error: Call to undefined method filsh\yii2\oauth2server\Request::getIsAjax() in /app/vendor/yiisoft/yii2/web/ErrorHandler.php:499
Stack trace:
#0 /app/vendor/yiisoft/yii2/web/ErrorHandler.php(115): yii\web\ErrorHandler->shouldRenderSimpleHtml()
#1 /app/vendor/yiisoft/yii2/base/ErrorHandler.php(111): yii\web\ErrorHandler->renderException(Object(Error))
#2 [internal function]: yii\base\ErrorHandler->handleException(Object(Error))
#3 {main}
Previous exception:
Error: Call to undefined method filsh\yii2\oauth2server\Request::getScriptFile() in /app/vendor/yiisoft/yii2/web/Application.php:66
Stack trace:
#0 /app/vendor/yiisoft/yii2/base/Application.php(273): yii\web\Application->bootstrap()
#1 /app/vendor/yiisoft/yii2/base/BaseObject.php(109): yii\base\Application->init()
#2 /app/vendor/yiisoft/yii2/base/Application.php(206): yii\base\BaseObject->__construct(Array)
#3 /app/api/web/index.php(17): yii\base\Application->__construct(Array)
#4 {main}
$_SE" while reading upstream, client: 192.168.83.1, server: api.shopscript.dev, request: "POST /oauth2/token HTTP/1.1", upstream: "fastcgi://unix:/var/run/php/php7.1-fpm.sock:", host: "api.shopscript.dev"
2018/11/01 20:56:03 [error] 1900#1900: *188 FastCGI sent in stderr: "PHP message: An Error occurred while handling another error:
Error: Call to undefined method filsh\yii2\oauth2server\Request::getIsAjax() in /app/vendor/yiisoft/yii2/web/ErrorHandler.php:499
Stack trace:
#0 /app/vendor/yiisoft/yii2/web/ErrorHandler.php(115): yii\web\ErrorHandler->shouldRenderSimpleHtml()
#1 /app/vendor/yiisoft/yii2/base/ErrorHandler.php(111): yii\web\ErrorHandler->renderException(Object(Error))
#2 [internal function]: yii\base\ErrorHandler->handleException(Object(Error))
#3 {main}
Previous exception:
Error: Call to undefined method filsh\yii2\oauth2server\Request::getScriptFile() in /app/vendor/yiisoft/yii2/web/Application.php:66
Stack trace:
#0 /app/vendor/yiisoft/yii2/base/Application.php(273): yii\web\Application->bootstrap()
#1 /app/vendor/yiisoft/yii2/base/BaseObject.php(109): yii\base\Application->init()
#2 /app/vendor/yiisoft/yii2/base/Application.php(206): yii\base\BaseObject->__construct(Array)
#3 /app/api/web/index.php(17): yii\base\Application->__construct(Array)
#4 {main}
$_SE" while reading upstream, client: 192.168.83.1, server: api.shopscript.dev, request: "POST /oauth2/token HTTP/1.1", upstream: "fastcgi://unix:/var/run/php/php7.1-fpm.sock:", host: "api.shopscript.dev"
2018/11/01 21:09:13 [error] 1900#1900: *190 FastCGI sent in stderr: "PHP message: An Error occurred while handling another error:
Error: Call to undefined method filsh\yii2\oauth2server\Request::getIsAjax() in /app/vendor/yiisoft/yii2/web/ErrorHandler.php:499
Stack trace:
#0 /app/vendor/yiisoft/yii2/web/ErrorHandler.php(115): yii\web\ErrorHandler->shouldRenderSimpleHtml()
#1 /app/vendor/yiisoft/yii2/base/ErrorHandler.php(111): yii\web\ErrorHandler->renderException(Object(Error))
#2 [internal function]: yii\base\ErrorHandler->handleException(Object(Error))
#3 {main}
Previous exception:
Error: Call to undefined method filsh\yii2\oauth2server\Request::getScriptFile() in /app/vendor/yiisoft/yii2/web/Application.php:66
Stack trace:
#0 /app/vendor/yiisoft/yii2/base/Application.php(273): yii\web\Application->bootstrap()
#1 /app/vendor/yiisoft/yii2/base/BaseObject.php(109): yii\base\Application->init()
#2 /app/vendor/yiisoft/yii2/base/Application.php(206): yii\base\BaseObject->__construct(Array)
#3 /app/api/web/index.php(17): yii\base\Application->__construct(Array)
#4 {main}
$_SE" while reading upstream, client: 192.168.83.1, server: api.shopscript.dev, request: "POST /oauth2/token HTTP/1.1", upstream: "fastcgi://unix:/var/run/php/php7.1-fpm.sock:", host: "api.shopscript.dev"
2018/11/01 21:22:36 [error] 1900#1900: *192 FastCGI sent in stderr: "PHP message: An Error occurred while handling another error:
Error: Call to undefined method filsh\yii2\oauth2server\Request::getIsAjax() in /app/vendor/yiisoft/yii2/web/ErrorHandler.php:499
Stack trace:
#0 /app/vendor/yiisoft/yii2/web/ErrorHandler.php(115): yii\web\ErrorHandler->shouldRenderSimpleHtml()
#1 /app/vendor/yiisoft/yii2/base/ErrorHandler.php(111): yii\web\ErrorHandler->renderException(Object(Error))
#2 [internal function]: yii\base\ErrorHandler->handleException(Object(Error))
#3 {main}
Previous exception:
Error: Call to undefined method filsh\yii2\oauth2server\Request::getScriptFile() in /app/vendor/yiisoft/yii2/web/Application.php:66
Stack trace:
#0 /app/vendor/yiisoft/yii2/base/Application.php(273): yii\web\Application->bootstrap()
#1 /app/vendor/yiisoft/yii2/base/BaseObject.php(109): yii\base\Application->init()
#2 /app/vendor/yiisoft/yii2/base/Application.php(206): yii\base\BaseObject->__construct(Array)
#3 /app/api/web/index.php(17): yii\base\Application->__construct(Array)
#4 {main}
$_SE" while reading upstream, client: 192.168.83.1, server: api.shopscript.dev, request: "POST /oauth2/token HTTP/1.1", upstream: "fastcgi://unix:/var/run/php/php7.1-fpm.sock:", host: "api.shopscript.dev"
2018/11/01 21:24:53 [error] 1900#1900: *194 FastCGI sent in stderr: "PHP message: PHP Notice:  Undefined index: staticPath in /app/api/config/main.php on line 13
PHP message: PHP Stack trace:
PHP message: PHP   1. {main}() /app/api/web/index.php:0
PHP message: PHP   2. require() /app/api/web/index.php:13
PHP message: PHP Notice:  Undefined index: staticHostInfo in /app/api/config/main.php on line 14
PHP message: PHP Stack trace:
PHP message: PHP   1. {main}() /app/api/web/index.php:0
PHP message: PHP   2. require() /app/api/web/index.php:13" while reading response header from upstream, client: 192.168.83.1, server: api.shopscript.dev, request: "POST /oauth2/token HTTP/1.1", upstream: "fastcgi://unix:/var/run/php/php7.1-fpm.sock:", host: "api.shopscript.dev"
2018/11/01 21:26:00 [error] 1900#1900: *196 FastCGI sent in stderr: "PHP message: PHP Notice:  Undefined index: staticPath in /app/api/config/main.php on line 13
PHP message: PHP Stack trace:
PHP message: PHP   1. {main}() /app/api/web/index.php:0
PHP message: PHP   2. require() /app/api/web/index.php:13
PHP message: PHP Notice:  Undefined index: staticHostInfo in /app/api/config/main.php on line 14
PHP message: PHP Stack trace:
PHP message: PHP   1. {main}() /app/api/web/index.php:0
PHP message: PHP   2. require() /app/api/web/index.php:13" while reading response header from upstream, client: 192.168.83.1, server: api.shopscript.dev, request: "POST /oauth2/token HTTP/1.1", upstream: "fastcgi://unix:/var/run/php/php7.1-fpm.sock:", host: "api.shopscript.dev"
2018/11/01 21:26:00 [error] 1900#1900: *196 FastCGI sent in stderr: "PHP message: An Error occurred while handling another error:
Error: Call to undefined method filsh\yii2\oauth2server\Request::getIsAjax() in /app/vendor/yiisoft/yii2/web/ErrorHandler.php:499
Stack trace:
#0 /app/vendor/yiisoft/yii2/web/ErrorHandler.php(115): yii\web\ErrorHandler->shouldRenderSimpleHtml()
#1 /app/vendor/yiisoft/yii2/base/ErrorHandler.php(111): yii\web\ErrorHandler->renderException(Object(Error))
#2 [internal function]: yii\base\ErrorHandler->handleException(Object(Error))
#3 {main}
Previous exception:
Error: Call to undefined method filsh\yii2\oauth2server\Request::getScriptFile() in /app/vendor/yiisoft/yii2/web/Application.php:66
Stack trace:
#0 /app/vendor/yiisoft/yii2/base/Application.php(273): yii\web\Application->bootstrap()
#1 /app/vendor/yiisoft/yii2/base/BaseObject.php(109): yii\base\Application->init()
#2 /app/vendor/yiisoft/yii2/base/Application.php(206): yii\base\BaseObject->__construct(Array)
#3 /app/api/web/index.php(17): yii\base\Application->__construct(Array)
#4 {main}
$_SE" while reading upstream, client: 192.168.83.1, server: api.shopscript.dev, request: "POST /oauth2/token HTTP/1.1", upstream: "fastcgi://unix:/var/run/php/php7.1-fpm.sock:", host: "api.shopscript.dev"
2018/11/01 21:26:51 [error] 1900#1900: *198 FastCGI sent in stderr: "PHP message: PHP Notice:  Undefined index: staticPath in /app/api/config/main.php on line 13
PHP message: PHP Stack trace:
PHP message: PHP   1. {main}() /app/api/web/index.php:0
PHP message: PHP   2. require() /app/api/web/index.php:13
PHP message: PHP Notice:  Undefined index: staticHostInfo in /app/api/config/main.php on line 14
PHP message: PHP Stack trace:
PHP message: PHP   1. {main}() /app/api/web/index.php:0
PHP message: PHP   2. require() /app/api/web/index.php:13" while reading response header from upstream, client: 192.168.83.1, server: api.shopscript.dev, request: "POST /oauth2/token HTTP/1.1", upstream: "fastcgi://unix:/var/run/php/php7.1-fpm.sock:", host: "api.shopscript.dev"
2018/11/01 21:26:51 [error] 1900#1900: *198 FastCGI sent in stderr: "PHP message: An Error occurred while handling another error:
Error: Call to undefined method filsh\yii2\oauth2server\Request::getIsAjax() in /app/vendor/yiisoft/yii2/web/ErrorHandler.php:499
Stack trace:
#0 /app/vendor/yiisoft/yii2/web/ErrorHandler.php(115): yii\web\ErrorHandler->shouldRenderSimpleHtml()
#1 /app/vendor/yiisoft/yii2/base/ErrorHandler.php(111): yii\web\ErrorHandler->renderException(Object(Error))
#2 [internal function]: yii\base\ErrorHandler->handleException(Object(Error))
#3 {main}
Previous exception:
Error: Call to undefined method filsh\yii2\oauth2server\Request::getScriptFile() in /app/vendor/yiisoft/yii2/web/Application.php:66
Stack trace:
#0 /app/vendor/yiisoft/yii2/base/Application.php(273): yii\web\Application->bootstrap()
#1 /app/vendor/yiisoft/yii2/base/BaseObject.php(109): yii\base\Application->init()
#2 /app/vendor/yiisoft/yii2/base/Application.php(206): yii\base\BaseObject->__construct(Array)
#3 /app/api/web/index.php(17): yii\base\Application->__construct(Array)
#4 {main}
$_SE" while reading upstream, client: 192.168.83.1, server: api.shopscript.dev, request: "POST /oauth2/token HTTP/1.1", upstream: "fastcgi://unix:/var/run/php/php7.1-fpm.sock:", host: "api.shopscript.dev"
2018/11/01 21:46:40 [error] 1900#1900: *200 FastCGI sent in stderr: "PHP message: PHP Notice:  Undefined index: staticPath in /app/api/config/main.php on line 13
PHP message: PHP Stack trace:
PHP message: PHP   1. {main}() /app/api/web/index.php:0
PHP message: PHP   2. require() /app/api/web/index.php:13
PHP message: PHP Notice:  Undefined index: staticHostInfo in /app/api/config/main.php on line 14
PHP message: PHP Stack trace:
PHP message: PHP   1. {main}() /app/api/web/index.php:0
PHP message: PHP   2. require() /app/api/web/index.php:13" while reading response header from upstream, client: 192.168.83.1, server: api.shopscript.dev, request: "POST /oauth2/token HTTP/1.1", upstream: "fastcgi://unix:/var/run/php/php7.1-fpm.sock:", host: "api.shopscript.dev"
2018/11/01 21:53:04 [error] 1900#1900: *202 FastCGI sent in stderr: "PHP message: PHP Notice:  Undefined index: staticPath in /app/api/config/main.php on line 13
PHP message: PHP Stack trace:
PHP message: PHP   1. {main}() /app/api/web/index.php:0
PHP message: PHP   2. require() /app/api/web/index.php:13
PHP message: PHP Notice:  Undefined index: staticHostInfo in /app/api/config/main.php on line 14
PHP message: PHP Stack trace:
PHP message: PHP   1. {main}() /app/api/web/index.php:0
PHP message: PHP   2. require() /app/api/web/index.php:13
PHP message: PHP Fatal error:  Class 'Symfony\Component\HttpFoundation\Request' not found in /app/vendor/bshaffer/oauth2-server-httpfoundation-bridge/src/OAuth2/HttpFoundationBridge/Request.php on line 11
PHP message: PHP Stack trace:
PHP message: PHP   1. {main}() /app/api/web/index.php:0
PHP message: PHP   2. yii\web\Application->__construct() /app/api/web/index.php:17
PHP message: PHP   3. yii\web\Application->__construct() /app/vendor/yiisoft/yii2/base/Application.php:206
PHP message: PHP   4. yii\web\Application->init() /app/vendor/yiisoft/yii2/base/BaseObject.php:109
PHP message: PHP   5. yii\web\Application->bootstrap() /app/vendor/yiisoft/yii2/base/Application.php:273
PHP message: PHP   6. yii\web\Application->getRequest() /app/vendor/yiisoft/yii2/web/Application.php:65
PHP message: PHP   7. yii\web\Application->get() /app/vendor/yiisoft/yii2/web/Application.php:160
PHP message: PHP   8. yii\web\Application->get() /app/vendor/yiisoft/yii2/base/Module.php:742
PHP message: PHP   9. yii\BaseYii::createObject() /app/vendor/yiisoft/yii2/di/ServiceLocator.php:137
PHP message: PHP  10. yii\di\Container->invoke() /app/vendor/yiisoft/yii2/BaseYii.php:351
PHP message: PHP  11. call_user_func_array:{/app/vendor/yiisoft/yii2/di/Container.php:503}() /app/vendor/yiisoft/yii2/di/Container.php:503
PHP message: PHP  12. {closure:/app/api/config/main.php:48-50}() /app/vendor/yiisoft/yii2/di/Container.php:503
PHP message: PHP  13. spl_autoload_call() /app/api/config/main.php:49
PHP mess
2018/11/01 21:53:04 [error] 1900#1900: *202 FastCGI sent in stderr: "ndor/yiisoft/yii2/di/ServiceLocator.php:137
PHP message: PHP  10. yii\di\Container->invoke() /app/vendor/yiisoft/yii2/BaseYii.php:351
PHP message: PHP  11. call_user_func_array:{/app/vendor/yiisoft/yii2/di/Container.php:503}() /app/vendor/yiisoft/yii2/di/Container.php:503
PHP message: PHP  12. {closure:/app/api/config/main.php:48-50}() /app/vendor/yiisoft/yii2/di/Container.php:503
PHP message: PHP  13. spl_autoload_call() /app/api/config/main.php:49
PHP message: PHP  14. Composer\Autoload\ClassLoader->loadClass() /app/api/config/main.php:49
PHP message: PHP  15. Composer\Autoload\includeFile() /app/vendor/composer/ClassLoader.php:322
PHP message: PHP  16. include() /app/vendor/composer/ClassLoader.php:444" while reading response header from upstream, client: 192.168.83.1, server: api.shopscript.dev, request: "POST /oauth2/token HTTP/1.1", upstream: "fastcgi://unix:/var/run/php/php7.1-fpm.sock:", host: "api.shopscript.dev"
2018/11/01 21:53:21 [error] 1900#1900: *204 FastCGI sent in stderr: "PHP message: PHP Notice:  Undefined index: staticPath in /app/api/config/main.php on line 13
PHP message: PHP Stack trace:
PHP message: PHP   1. {main}() /app/api/web/index.php:0
PHP message: PHP   2. require() /app/api/web/index.php:13
PHP message: PHP Notice:  Undefined index: staticHostInfo in /app/api/config/main.php on line 14
PHP message: PHP Stack trace:
PHP message: PHP   1. {main}() /app/api/web/index.php:0
PHP message: PHP   2. require() /app/api/web/index.php:13
PHP message: PHP Fatal error:  Class 'Symfony\Component\HttpFoundation\Request' not found in /app/vendor/bshaffer/oauth2-server-httpfoundation-bridge/src/OAuth2/HttpFoundationBridge/Request.php on line 11
PHP message: PHP Stack trace:
PHP message: PHP   1. {main}() /app/api/web/index.php:0
PHP message: PHP   2. yii\web\Application->__construct() /app/api/web/index.php:17
PHP message: PHP   3. yii\web\Application->__construct() /app/vendor/yiisoft/yii2/base/Application.php:206
PHP message: PHP   4. yii\web\Application->init() /app/vendor/yiisoft/yii2/base/BaseObject.php:109
PHP message: PHP   5. yii\web\Application->bootstrap() /app/vendor/yiisoft/yii2/base/Application.php:273
PHP message: PHP   6. yii\web\Application->getRequest() /app/vendor/yiisoft/yii2/web/Application.php:65
PHP message: PHP   7. yii\web\Application->get() /app/vendor/yiisoft/yii2/web/Application.php:160
PHP message: PHP   8. yii\web\Application->get() /app/vendor/yiisoft/yii2/base/Module.php:742
PHP message: PHP   9. yii\BaseYii::createObject() /app/vendor/yiisoft/yii2/di/ServiceLocator.php:137
PHP message: PHP  10. yii\di\Container->invoke() /app/vendor/yiisoft/yii2/BaseYii.php:351
PHP message: PHP  11. call_user_func_array:{/app/vendor/yiisoft/yii2/di/Container.php:503}() /app/vendor/yiisoft/yii2/di/Container.php:503
PHP message: PHP  12. {closure:/app/api/config/main.php:48-50}() /app/vendor/yiisoft/yii2/di/Container.php:503
PHP message: PHP  13. spl_autoload_call() /app/api/config/main.php:49
PHP mess
2018/11/01 21:53:21 [error] 1900#1900: *204 FastCGI sent in stderr: "ndor/yiisoft/yii2/di/ServiceLocator.php:137
PHP message: PHP  10. yii\di\Container->invoke() /app/vendor/yiisoft/yii2/BaseYii.php:351
PHP message: PHP  11. call_user_func_array:{/app/vendor/yiisoft/yii2/di/Container.php:503}() /app/vendor/yiisoft/yii2/di/Container.php:503
PHP message: PHP  12. {closure:/app/api/config/main.php:48-50}() /app/vendor/yiisoft/yii2/di/Container.php:503
PHP message: PHP  13. spl_autoload_call() /app/api/config/main.php:49
PHP message: PHP  14. Composer\Autoload\ClassLoader->loadClass() /app/api/config/main.php:49
PHP message: PHP  15. Composer\Autoload\includeFile() /app/vendor/composer/ClassLoader.php:322
PHP message: PHP  16. include() /app/vendor/composer/ClassLoader.php:444" while reading response header from upstream, client: 192.168.83.1, server: api.shopscript.dev, request: "POST /oauth2/token HTTP/1.1", upstream: "fastcgi://unix:/var/run/php/php7.1-fpm.sock:", host: "api.shopscript.dev"
2018/11/01 21:54:17 [error] 1900#1900: *206 FastCGI sent in stderr: "PHP message: PHP Notice:  Undefined index: staticPath in /app/api/config/main.php on line 13
PHP message: PHP Stack trace:
PHP message: PHP   1. {main}() /app/api/web/index.php:0
PHP message: PHP   2. require() /app/api/web/index.php:13
PHP message: PHP Notice:  Undefined index: staticHostInfo in /app/api/config/main.php on line 14
PHP message: PHP Stack trace:
PHP message: PHP   1. {main}() /app/api/web/index.php:0
PHP message: PHP   2. require() /app/api/web/index.php:13" while reading response header from upstream, client: 192.168.83.1, server: api.shopscript.dev, request: "POST /oauth2/token HTTP/1.1", upstream: "fastcgi://unix:/var/run/php/php7.1-fpm.sock:", host: "api.shopscript.dev"
2018/11/01 21:54:17 [error] 1900#1900: *206 FastCGI sent in stderr: "PHP message: An Error occurred while handling another error:
Error: Call to undefined method OAuth2\Request::getIsAjax() in /app/vendor/yiisoft/yii2/web/ErrorHandler.php:499
Stack trace:
#0 /app/vendor/yiisoft/yii2/web/ErrorHandler.php(115): yii\web\ErrorHandler->shouldRenderSimpleHtml()
#1 /app/vendor/yiisoft/yii2/base/ErrorHandler.php(111): yii\web\ErrorHandler->renderException(Object(Error))
#2 [internal function]: yii\base\ErrorHandler->handleException(Object(Error))
#3 {main}
Previous exception:
Error: Call to undefined method OAuth2\Request::getScriptFile() in /app/vendor/yiisoft/yii2/web/Application.php:66
Stack trace:
#0 /app/vendor/yiisoft/yii2/base/Application.php(273): yii\web\Application->bootstrap()
#1 /app/vendor/yiisoft/yii2/base/BaseObject.php(109): yii\base\Application->init()
#2 /app/vendor/yiisoft/yii2/base/Application.php(206): yii\base\BaseObject->__construct(Array)
#3 /app/api/web/index.php(17): yii\base\Application->__construct(Array)
#4 {main}
$_SERVER = [
    'USER' => 'vagrant'," while reading upstream, client: 192.168.83.1, server: api.shopscript.dev, request: "POST /oauth2/token HTTP/1.1", upstream: "fastcgi://unix:/var/run/php/php7.1-fpm.sock:", host: "api.shopscript.dev"
2018/11/01 21:55:53 [error] 1900#1900: *208 FastCGI sent in stderr: "PHP message: PHP Notice:  Undefined index: staticPath in /app/api/config/main.php on line 13
PHP message: PHP Stack trace:
PHP message: PHP   1. {main}() /app/api/web/index.php:0
PHP message: PHP   2. require() /app/api/web/index.php:13
PHP message: PHP Notice:  Undefined index: staticHostInfo in /app/api/config/main.php on line 14
PHP message: PHP Stack trace:
PHP message: PHP   1. {main}() /app/api/web/index.php:0
PHP message: PHP   2. require() /app/api/web/index.php:13
PHP message: PHP Fatal error:  Class 'Symfony\Component\HttpFoundation\Request' not found in /app/vendor/bshaffer/oauth2-server-httpfoundation-bridge/src/OAuth2/HttpFoundationBridge/Request.php on line 11
PHP message: PHP Stack trace:
PHP message: PHP   1. {main}() /app/api/web/index.php:0
PHP message: PHP   2. yii\web\Application->__construct() /app/api/web/index.php:17
PHP message: PHP   3. yii\web\Application->__construct() /app/vendor/yiisoft/yii2/base/Application.php:206
PHP message: PHP   4. yii\web\Application->init() /app/vendor/yiisoft/yii2/base/BaseObject.php:109
PHP message: PHP   5. yii\web\Application->bootstrap() /app/vendor/yiisoft/yii2/base/Application.php:273
PHP message: PHP   6. yii\web\Application->getRequest() /app/vendor/yiisoft/yii2/web/Application.php:65
PHP message: PHP   7. yii\web\Application->get() /app/vendor/yiisoft/yii2/web/Application.php:160
PHP message: PHP   8. yii\web\Application->get() /app/vendor/yiisoft/yii2/base/Module.php:742
PHP message: PHP   9. yii\BaseYii::createObject() /app/vendor/yiisoft/yii2/di/ServiceLocator.php:137
PHP message: PHP  10. yii\di\Container->invoke() /app/vendor/yiisoft/yii2/BaseYii.php:351
PHP message: PHP  11. call_user_func_array:{/app/vendor/yiisoft/yii2/di/Container.php:503}() /app/vendor/yiisoft/yii2/di/Container.php:503
PHP message: PHP  12. {closure:/app/api/config/main.php:48-50}() /app/vendor/yiisoft/yii2/di/Container.php:503
PHP message: PHP  13. spl_autoload_call() /app/api/config/main.php:49
PHP mess
2018/11/01 21:55:53 [error] 1900#1900: *208 FastCGI sent in stderr: "ndor/yiisoft/yii2/di/ServiceLocator.php:137
PHP message: PHP  10. yii\di\Container->invoke() /app/vendor/yiisoft/yii2/BaseYii.php:351
PHP message: PHP  11. call_user_func_array:{/app/vendor/yiisoft/yii2/di/Container.php:503}() /app/vendor/yiisoft/yii2/di/Container.php:503
PHP message: PHP  12. {closure:/app/api/config/main.php:48-50}() /app/vendor/yiisoft/yii2/di/Container.php:503
PHP message: PHP  13. spl_autoload_call() /app/api/config/main.php:49
PHP message: PHP  14. Composer\Autoload\ClassLoader->loadClass() /app/api/config/main.php:49
PHP message: PHP  15. Composer\Autoload\includeFile() /app/vendor/composer/ClassLoader.php:322
PHP message: PHP  16. include() /app/vendor/composer/ClassLoader.php:444" while reading response header from upstream, client: 192.168.83.1, server: api.shopscript.dev, request: "POST /oauth2/token HTTP/1.1", upstream: "fastcgi://unix:/var/run/php/php7.1-fpm.sock:", host: "api.shopscript.dev"
2018/11/01 21:56:26 [error] 1900#1900: *210 FastCGI sent in stderr: "PHP message: PHP Notice:  Undefined index: staticPath in /app/api/config/main.php on line 13
PHP message: PHP Stack trace:
PHP message: PHP   1. {main}() /app/api/web/index.php:0
PHP message: PHP   2. require() /app/api/web/index.php:13
PHP message: PHP Notice:  Undefined index: staticHostInfo in /app/api/config/main.php on line 14
PHP message: PHP Stack trace:
PHP message: PHP   1. {main}() /app/api/web/index.php:0
PHP message: PHP   2. require() /app/api/web/index.php:13" while reading response header from upstream, client: 192.168.83.1, server: api.shopscript.dev, request: "POST /oauth2/token HTTP/1.1", upstream: "fastcgi://unix:/var/run/php/php7.1-fpm.sock:", host: "api.shopscript.dev"
2018/11/01 21:56:49 [error] 1900#1900: *212 FastCGI sent in stderr: "PHP message: PHP Notice:  Undefined index: staticPath in /app/api/config/main.php on line 13
PHP message: PHP Stack trace:
PHP message: PHP   1. {main}() /app/api/web/index.php:0
PHP message: PHP   2. require() /app/api/web/index.php:13
PHP message: PHP Notice:  Undefined index: staticHostInfo in /app/api/config/main.php on line 14
PHP message: PHP Stack trace:
PHP message: PHP   1. {main}() /app/api/web/index.php:0
PHP message: PHP   2. require() /app/api/web/index.php:13" while reading response header from upstream, client: 192.168.83.1, server: api.shopscript.dev, request: "POST /oauth2/token HTTP/1.1", upstream: "fastcgi://unix:/var/run/php/php7.1-fpm.sock:", host: "api.shopscript.dev"
2018/11/01 22:01:27 [error] 1900#1900: *214 FastCGI sent in stderr: "PHP message: PHP Notice:  Undefined index: staticPath in /app/api/config/main.php on line 13
PHP message: PHP Stack trace:
PHP message: PHP   1. {main}() /app/api/web/index.php:0
PHP message: PHP   2. require() /app/api/web/index.php:13
PHP message: PHP Notice:  Undefined index: staticHostInfo in /app/api/config/main.php on line 14
PHP message: PHP Stack trace:
PHP message: PHP   1. {main}() /app/api/web/index.php:0
PHP message: PHP   2. require() /app/api/web/index.php:13" while reading response header from upstream, client: 192.168.83.1, server: api.shopscript.dev, request: "POST /oauth2/token HTTP/1.1", upstream: "fastcgi://unix:/var/run/php/php7.1-fpm.sock:", host: "api.shopscript.dev"
2018/11/01 22:02:13 [error] 1900#1900: *216 FastCGI sent in stderr: "PHP message: PHP Notice:  Undefined index: staticPath in /app/api/config/main.php on line 13
PHP message: PHP Stack trace:
PHP message: PHP   1. {main}() /app/api/web/index.php:0
PHP message: PHP   2. require() /app/api/web/index.php:13
PHP message: PHP Notice:  Undefined index: staticHostInfo in /app/api/config/main.php on line 14
PHP message: PHP Stack trace:
PHP message: PHP   1. {main}() /app/api/web/index.php:0
PHP message: PHP   2. require() /app/api/web/index.php:13" while reading response header from upstream, client: 192.168.83.1, server: api.shopscript.dev, request: "POST /oauth2/token HTTP/1.1", upstream: "fastcgi://unix:/var/run/php/php7.1-fpm.sock:", host: "api.shopscript.dev"
2018/11/01 22:02:16 [error] 1900#1900: *218 FastCGI sent in stderr: "PHP message: PHP Notice:  Undefined index: staticPath in /app/api/config/main.php on line 13
PHP message: PHP Stack trace:
PHP message: PHP   1. {main}() /app/api/web/index.php:0
PHP message: PHP   2. require() /app/api/web/index.php:13
PHP message: PHP Notice:  Undefined index: staticHostInfo in /app/api/config/main.php on line 14
PHP message: PHP Stack trace:
PHP message: PHP   1. {main}() /app/api/web/index.php:0
PHP message: PHP   2. require() /app/api/web/index.php:13" while reading response header from upstream, client: 192.168.83.1, server: api.shopscript.dev, request: "POST /oauth2/token HTTP/1.1", upstream: "fastcgi://unix:/var/run/php/php7.1-fpm.sock:", host: "api.shopscript.dev"
2018/11/01 22:03:19 [error] 1900#1900: *220 FastCGI sent in stderr: "PHP message: PHP Notice:  Undefined index: staticPath in /app/api/config/main.php on line 13
PHP message: PHP Stack trace:
PHP message: PHP   1. {main}() /app/api/web/index.php:0
PHP message: PHP   2. require() /app/api/web/index.php:13
PHP message: PHP Notice:  Undefined index: staticHostInfo in /app/api/config/main.php on line 14
PHP message: PHP Stack trace:
PHP message: PHP   1. {main}() /app/api/web/index.php:0
PHP message: PHP   2. require() /app/api/web/index.php:13" while reading response header from upstream, client: 192.168.83.1, server: api.shopscript.dev, request: "POST /oauth2/token HTTP/1.1", upstream: "fastcgi://unix:/var/run/php/php7.1-fpm.sock:", host: "api.shopscript.dev"
2018/11/01 22:03:19 [error] 1900#1900: *220 FastCGI sent in stderr: "PHP message: An Error occurred while handling another error:
Error: Call to undefined method OAuth2\Request::getIsAjax() in /app/vendor/yiisoft/yii2/web/ErrorHandler.php:499
Stack trace:
#0 /app/vendor/yiisoft/yii2/web/ErrorHandler.php(115): yii\web\ErrorHandler->shouldRenderSimpleHtml()
#1 /app/vendor/yiisoft/yii2/base/ErrorHandler.php(111): yii\web\ErrorHandler->renderException(Object(Error))
#2 [internal function]: yii\base\ErrorHandler->handleException(Object(Error))
#3 {main}
Previous exception:
Error: Call to undefined method OAuth2\Request::getScriptFile() in /app/vendor/yiisoft/yii2/web/Application.php:66
Stack trace:
#0 /app/vendor/yiisoft/yii2/base/Application.php(273): yii\web\Application->bootstrap()
#1 /app/vendor/yiisoft/yii2/base/BaseObject.php(109): yii\base\Application->init()
#2 /app/vendor/yiisoft/yii2/base/Application.php(206): yii\base\BaseObject->__construct(Array)
#3 /app/api/web/index.php(17): yii\base\Application->__construct(Array)
#4 {main}
$_SERVER = [
    'USER' => 'vagrant'," while reading upstream, client: 192.168.83.1, server: api.shopscript.dev, request: "POST /oauth2/token HTTP/1.1", upstream: "fastcgi://unix:/var/run/php/php7.1-fpm.sock:", host: "api.shopscript.dev"
2018/11/01 22:05:12 [error] 1900#1900: *222 FastCGI sent in stderr: "PHP message: PHP Notice:  Undefined index: staticPath in /app/api/config/main.php on line 13
PHP message: PHP Stack trace:
PHP message: PHP   1. {main}() /app/api/web/index.php:0
PHP message: PHP   2. require() /app/api/web/index.php:13
PHP message: PHP Notice:  Undefined index: staticHostInfo in /app/api/config/main.php on line 14
PHP message: PHP Stack trace:
PHP message: PHP   1. {main}() /app/api/web/index.php:0
PHP message: PHP   2. require() /app/api/web/index.php:13" while reading response header from upstream, client: 192.168.83.1, server: api.shopscript.dev, request: "POST /oauth2/token HTTP/1.1", upstream: "fastcgi://unix:/var/run/php/php7.1-fpm.sock:", host: "api.shopscript.dev"
2018/11/01 22:23:41 [error] 1900#1900: *224 FastCGI sent in stderr: "PHP message: PHP Notice:  Undefined index: staticPath in /app/api/config/main.php on line 13
PHP message: PHP Stack trace:
PHP message: PHP   1. {main}() /app/api/web/index.php:0
PHP message: PHP   2. require() /app/api/web/index.php:13
PHP message: PHP Notice:  Undefined index: staticHostInfo in /app/api/config/main.php on line 14
PHP message: PHP Stack trace:
PHP message: PHP   1. {main}() /app/api/web/index.php:0
PHP message: PHP   2. require() /app/api/web/index.php:13" while reading response header from upstream, client: 192.168.83.1, server: api.shopscript.dev, request: "POST /oauth2/token HTTP/1.1", upstream: "fastcgi://unix:/var/run/php/php7.1-fpm.sock:", host: "api.shopscript.dev"
2018/11/01 22:28:40 [error] 1900#1900: *226 FastCGI sent in stderr: "PHP message: PHP Notice:  Undefined index: staticPath in /app/api/config/main.php on line 13
PHP message: PHP Stack trace:
PHP message: PHP   1. {main}() /app/api/web/index.php:0
PHP message: PHP   2. require() /app/api/web/index.php:13
PHP message: PHP Notice:  Undefined index: staticHostInfo in /app/api/config/main.php on line 14
PHP message: PHP Stack trace:
PHP message: PHP   1. {main}() /app/api/web/index.php:0
PHP message: PHP   2. require() /app/api/web/index.php:13" while reading response header from upstream, client: 192.168.83.1, server: api.shopscript.dev, request: "POST /oauth2/token HTTP/1.1", upstream: "fastcgi://unix:/var/run/php/php7.1-fpm.sock:", host: "api.shopscript.dev"
2018/11/02 06:43:07 [error] 1900#1900: *228 FastCGI sent in stderr: "PHP message: PHP Notice:  Undefined index: staticPath in /app/api/config/main.php on line 13
PHP message: PHP Stack trace:
PHP message: PHP   1. {main}() /app/api/web/index.php:0
PHP message: PHP   2. require() /app/api/web/index.php:13
PHP message: PHP Notice:  Undefined index: staticHostInfo in /app/api/config/main.php on line 14
PHP message: PHP Stack trace:
PHP message: PHP   1. {main}() /app/api/web/index.php:0
PHP message: PHP   2. require() /app/api/web/index.php:13" while reading response header from upstream, client: 192.168.83.1, server: api.shopscript.dev, request: "POST / HTTP/1.1", upstream: "fastcgi://unix:/var/run/php/php7.1-fpm.sock:", host: "api.shopscript.dev"
2018/11/02 06:43:20 [error] 1900#1900: *230 FastCGI sent in stderr: "PHP message: PHP Notice:  Undefined index: staticPath in /app/api/config/main.php on line 13
PHP message: PHP Stack trace:
PHP message: PHP   1. {main}() /app/api/web/index.php:0
PHP message: PHP   2. require() /app/api/web/index.php:13
PHP message: PHP Notice:  Undefined index: staticHostInfo in /app/api/config/main.php on line 14
PHP message: PHP Stack trace:
PHP message: PHP   1. {main}() /app/api/web/index.php:0
PHP message: PHP   2. require() /app/api/web/index.php:13" while reading response header from upstream, client: 192.168.83.1, server: api.shopscript.dev, request: "GET / HTTP/1.1", upstream: "fastcgi://unix:/var/run/php/php7.1-fpm.sock:", host: "api.shopscript.dev"
2018/11/02 06:43:35 [error] 1900#1900: *232 FastCGI sent in stderr: "PHP message: PHP Notice:  Undefined index: staticPath in /app/api/config/main.php on line 13
PHP message: PHP Stack trace:
PHP message: PHP   1. {main}() /app/api/web/index.php:0
PHP message: PHP   2. require() /app/api/web/index.php:13
PHP message: PHP Notice:  Undefined index: staticHostInfo in /app/api/config/main.php on line 14
PHP message: PHP Stack trace:
PHP message: PHP   1. {main}() /app/api/web/index.php:0
PHP message: PHP   2. require() /app/api/web/index.php:13" while reading response header from upstream, client: 192.168.83.1, server: api.shopscript.dev, request: "GET /oauth2/token HTTP/1.1", upstream: "fastcgi://unix:/var/run/php/php7.1-fpm.sock:", host: "api.shopscript.dev"
2018/11/02 06:43:41 [error] 1900#1900: *234 FastCGI sent in stderr: "PHP message: PHP Notice:  Undefined index: staticPath in /app/api/config/main.php on line 13
PHP message: PHP Stack trace:
PHP message: PHP   1. {main}() /app/api/web/index.php:0
PHP message: PHP   2. require() /app/api/web/index.php:13
PHP message: PHP Notice:  Undefined index: staticHostInfo in /app/api/config/main.php on line 14
PHP message: PHP Stack trace:
PHP message: PHP   1. {main}() /app/api/web/index.php:0
PHP message: PHP   2. require() /app/api/web/index.php:13" while reading response header from upstream, client: 192.168.83.1, server: api.shopscript.dev, request: "POST /oauth2/token HTTP/1.1", upstream: "fastcgi://unix:/var/run/php/php7.1-fpm.sock:", host: "api.shopscript.dev"
2018/11/02 06:50:51 [error] 1900#1900: *236 FastCGI sent in stderr: "PHP message: PHP Notice:  Undefined index: staticPath in /app/api/config/main.php on line 13
PHP message: PHP Stack trace:
PHP message: PHP   1. {main}() /app/api/web/index.php:0
PHP message: PHP   2. require() /app/api/web/index.php:13
PHP message: PHP Notice:  Undefined index: staticHostInfo in /app/api/config/main.php on line 14
PHP message: PHP Stack trace:
PHP message: PHP   1. {main}() /app/api/web/index.php:0
PHP message: PHP   2. require() /app/api/web/index.php:13" while reading response header from upstream, client: 192.168.83.1, server: api.shopscript.dev, request: "POST /oauth2/token HTTP/1.1", upstream: "fastcgi://unix:/var/run/php/php7.1-fpm.sock:", host: "api.shopscript.dev"
2018/11/02 06:52:19 [error] 1900#1900: *238 FastCGI sent in stderr: "PHP message: PHP Notice:  Undefined index: staticPath in /app/api/config/main.php on line 13
PHP message: PHP Stack trace:
PHP message: PHP   1. {main}() /app/api/web/index.php:0
PHP message: PHP   2. require() /app/api/web/index.php:13
PHP message: PHP Notice:  Undefined index: staticHostInfo in /app/api/config/main.php on line 14
PHP message: PHP Stack trace:
PHP message: PHP   1. {main}() /app/api/web/index.php:0
PHP message: PHP   2. require() /app/api/web/index.php:13" while reading response header from upstream, client: 192.168.83.1, server: api.shopscript.dev, request: "POST /oauth2/token HTTP/1.1", upstream: "fastcgi://unix:/var/run/php/php7.1-fpm.sock:", host: "api.shopscript.dev"
2018/11/02 06:52:19 [error] 1900#1900: *238 FastCGI sent in stderr: "PHP message: An Error occurred while handling another error:
ReflectionException: Class filsh\yii2\oauth2server\controllers does not exist in /app/vendor/yiisoft/yii2/di/Container.php:428
Stack trace:
#0 /app/vendor/yiisoft/yii2/di/Container.php(428): ReflectionClass->__construct('filsh\\yii2\\oaut...')
#1 /app/vendor/yiisoft/yii2/di/Container.php(364): yii\di\Container->getDependencies('filsh\\yii2\\oaut...')
#2 /app/vendor/yiisoft/yii2/di/Container.php(156): yii\di\Container->build('filsh\\yii2\\oaut...', Array, Array)
#3 /app/vendor/yiisoft/yii2/BaseYii.php(349): yii\di\Container->get('filsh\\yii2\\oaut...', Array, Array)
#4 /app/vendor/yiisoft/yii2/di/ServiceLocator.php(137): yii\Bas" while reading upstream, client: 192.168.83.1, server: api.shopscript.dev, request: "POST /oauth2/token HTTP/1.1", upstream: "fastcgi://unix:/var/run/php/php7.1-fpm.sock:", host: "api.shopscript.dev"
2018/11/02 06:52:19 [error] 1900#1900: *238 FastCGI sent in stderr: "eYii::createObject(Array)
#5 /app/vendor/yiisoft/yii2/base/Module.php(742): yii\di\ServiceLocator->get('request', true)
#6 /app/vendor/yiisoft/yii2/di/ServiceLocator.php(74): yii\base\Module->get('request')
#7 /app/vendor/yiisoft/yii2/web/ErrorHandler.php(499): yii\di\ServiceLocator->__get('request')
#8 /app/vendor/yiisoft" while reading upstream, client: 192.168.83.1, server: api.shopscript.dev, request: "POST /oauth2/token HTTP/1.1", upstream: "fastcgi://unix:/var/run/php/php7.1-fpm.sock:", host: "api.shopscript.dev"
2018/11/02 06:52:54 [error] 1900#1900: *240 FastCGI sent in stderr: "PHP message: PHP Notice:  Undefined index: staticPath in /app/api/config/main.php on line 13
PHP message: PHP Stack trace:
PHP message: PHP   1. {main}() /app/api/web/index.php:0
PHP message: PHP   2. require() /app/api/web/index.php:13
PHP message: PHP Notice:  Undefined index: staticHostInfo in /app/api/config/main.php on line 14
PHP message: PHP Stack trace:
PHP message: PHP   1. {main}() /app/api/web/index.php:0
PHP message: PHP   2. require() /app/api/web/index.php:13" while reading response header from upstream, client: 192.168.83.1, server: api.shopscript.dev, request: "POST /oauth2/token HTTP/1.1", upstream: "fastcgi://unix:/var/run/php/php7.1-fpm.sock:", host: "api.shopscript.dev"
2018/11/02 06:52:54 [error] 1900#1900: *240 FastCGI sent in stderr: "PHP message: An Error occurred while handling another error:
Error: Call to undefined method filsh\yii2\oauth2server\Request::getIsAjax() in /app/vendor/yiisoft/yii2/web/ErrorHandler.php:499
Stack trace:
#0 /app/vendor/yiisoft/yii2/web/ErrorHandler.php(115): yii\web\ErrorHandler->shouldRenderSimpleHtml()
#1 /app/vendor/yiisoft/yii2/base/ErrorHandler.php(111): yii\web\ErrorHandler->renderException(Object(Error))
#2 [internal function]: yii\base\ErrorHandler->handleException(Object(Error))
#3 {main}
Previous exception:
Error: Call to undefined method filsh\yii2\oauth2server\Request::getScriptFile() in /app/vendor/yiisoft/yii2/web/Application.php:66
Stack trace:
#0 /app/vendor/yiisoft/yii2/base/Application.php(273): yii\web\Application->bootstrap()
#1 /app/vendor/yiisoft/yii2/base/BaseObject.php(109): yii\base\Application->init()
#2 /app/vendor/yiisoft/yii2/base/Application.php(206): yii\base\BaseObject->__construct(Array)
#3 /app/api/web/index.php(17): yii\base\Application->__construct(Array)
#4 {main}
$_SE" while reading upstream, client: 192.168.83.1, server: api.shopscript.dev, request: "POST /oauth2/token HTTP/1.1", upstream: "fastcgi://unix:/var/run/php/php7.1-fpm.sock:", host: "api.shopscript.dev"
2018/11/02 06:54:43 [error] 1900#1900: *242 FastCGI sent in stderr: "PHP message: PHP Notice:  Undefined index: staticPath in /app/api/config/main.php on line 13
PHP message: PHP Stack trace:
PHP message: PHP   1. {main}() /app/api/web/index.php:0
PHP message: PHP   2. require() /app/api/web/index.php:13
PHP message: PHP Notice:  Undefined index: staticHostInfo in /app/api/config/main.php on line 14
PHP message: PHP Stack trace:
PHP message: PHP   1. {main}() /app/api/web/index.php:0
PHP message: PHP   2. require() /app/api/web/index.php:13" while reading response header from upstream, client: 192.168.83.1, server: api.shopscript.dev, request: "POST /oauth2/token HTTP/1.1", upstream: "fastcgi://unix:/var/run/php/php7.1-fpm.sock:", host: "api.shopscript.dev"
2018/11/02 06:54:43 [error] 1900#1900: *242 FastCGI sent in stderr: "PHP message: An Error occurred while handling another error:
Error: Call to a member function get() on array in /app/vendor/bshaffer/oauth2-server-php/src/OAuth2/Request.php:123
Stack trace:
#0 /app/vendor/yiisoft/yii2/web/ErrorHandler.php(499): OAuth2\Request->getIsAjax()
#1 /app/vendor/yiisoft/yii2/web/ErrorHandler.php(115): yii\web\ErrorHandler->shouldRenderSimpleHtml()
#2 /app/vendor/yiisoft/yii2/base/ErrorHandler.php(111): yii\web\ErrorHandler->renderException(Object(Error))
#3 [internal function]: yii\base\ErrorHandler->handleException(Object(Error))
#4 {main}
Previous exception:
Error: Call to undefined method filsh\yii2\oauth2server\Request::getScriptFile() in /app/vendor/yiisoft/yii2/web/Application.php:66
Stack trace:
#0 /app/vendor/yiisoft/yii2/base/Application.php(273): yii\web\Application->bootstrap()
#1 /app/vendor/yiisoft/yii2/base/BaseObject.php(109): yii\base\Application->init()
#2 /app/vendor/yiisoft/yii2/base/Application.php(206): yii\base\BaseObject->__construct(Array)
#3 /app/api/web/" while reading upstream, client: 192.168.83.1, server: api.shopscript.dev, request: "POST /oauth2/token HTTP/1.1", upstream: "fastcgi://unix:/var/run/php/php7.1-fpm.sock:", host: "api.shopscript.dev"
2018/11/02 06:57:54 [error] 1900#1900: *244 FastCGI sent in stderr: "PHP message: PHP Notice:  Undefined index: staticPath in /app/api/config/main.php on line 13
PHP message: PHP Stack trace:
PHP message: PHP   1. {main}() /app/api/web/index.php:0
PHP message: PHP   2. require() /app/api/web/index.php:13
PHP message: PHP Notice:  Undefined index: staticHostInfo in /app/api/config/main.php on line 14
PHP message: PHP Stack trace:
PHP message: PHP   1. {main}() /app/api/web/index.php:0
PHP message: PHP   2. require() /app/api/web/index.php:13" while reading response header from upstream, client: 192.168.83.1, server: api.shopscript.dev, request: "POST /oauth2/token HTTP/1.1", upstream: "fastcgi://unix:/var/run/php/php7.1-fpm.sock:", host: "api.shopscript.dev"
2018/11/02 06:58:45 [error] 1900#1900: *246 FastCGI sent in stderr: "PHP message: PHP Notice:  Undefined index: staticPath in /app/api/config/main.php on line 13
PHP message: PHP Stack trace:
PHP message: PHP   1. {main}() /app/api/web/index.php:0
PHP message: PHP   2. require() /app/api/web/index.php:13
PHP message: PHP Notice:  Undefined index: staticHostInfo in /app/api/config/main.php on line 14
PHP message: PHP Stack trace:
PHP message: PHP   1. {main}() /app/api/web/index.php:0
PHP message: PHP   2. require() /app/api/web/index.php:13" while reading response header from upstream, client: 192.168.83.1, server: api.shopscript.dev, request: "POST /oauth2/token HTTP/1.1", upstream: "fastcgi://unix:/var/run/php/php7.1-fpm.sock:", host: "api.shopscript.dev"
2018/11/02 06:59:19 [error] 1900#1900: *248 FastCGI sent in stderr: "PHP message: PHP Notice:  Undefined index: staticPath in /app/api/config/main.php on line 13
PHP message: PHP Stack trace:
PHP message: PHP   1. {main}() /app/api/web/index.php:0
PHP message: PHP   2. require() /app/api/web/index.php:13
PHP message: PHP Notice:  Undefined index: staticHostInfo in /app/api/config/main.php on line 14
PHP message: PHP Stack trace:
PHP message: PHP   1. {main}() /app/api/web/index.php:0
PHP message: PHP   2. require() /app/api/web/index.php:13" while reading response header from upstream, client: 192.168.83.1, server: api.shopscript.dev, request: "POST /oauth2/token HTTP/1.1", upstream: "fastcgi://unix:/var/run/php/php7.1-fpm.sock:", host: "api.shopscript.dev"
2018/11/02 06:59:19 [error] 1900#1900: *248 FastCGI sent in stderr: "PHP message: An Error occurred while handling another error:
Error: Call to undefined method filsh\yii2\oauth2server\Request::getIsAjax() in /app/vendor/yiisoft/yii2/web/ErrorHandler.php:499
Stack trace:
#0 /app/vendor/yiisoft/yii2/web/ErrorHandler.php(115): yii\web\ErrorHandler->shouldRenderSimpleHtml()
#1 /app/vendor/yiisoft/yii2/base/ErrorHandler.php(111): yii\web\ErrorHandler->renderException(Object(Error))
#2 [internal function]: yii\base\ErrorHandler->handleException(Object(Error))
#3 {main}
Previous exception:
Error: Call to undefined method filsh\yii2\oauth2server\Request::getScriptFile() in /app/vendor/yiisoft/yii2/web/Application.php:66
Stack trace:
#0 /app/vendor/yiisoft/yii2/base/Application.php(273): yii\web\Application->bootstrap()
#1 /app/vendor/yiisoft/yii2/base/BaseObject.php(109): yii\base\Application->init()
#2 /app/vendor/yiisoft/yii2/base/Application.php(206): yii\base\BaseObject->__construct(Array)
#3 /app/api/web/index.php(17): yii\base\Application->__construct(Array)
#4 {main}
$_SE" while reading upstream, client: 192.168.83.1, server: api.shopscript.dev, request: "POST /oauth2/token HTTP/1.1", upstream: "fastcgi://unix:/var/run/php/php7.1-fpm.sock:", host: "api.shopscript.dev"
2018/11/02 06:59:53 [error] 1900#1900: *250 FastCGI sent in stderr: "PHP message: PHP Notice:  Undefined index: staticPath in /app/api/config/main.php on line 13
PHP message: PHP Stack trace:
PHP message: PHP   1. {main}() /app/api/web/index.php:0
PHP message: PHP   2. require() /app/api/web/index.php:13
PHP message: PHP Notice:  Undefined index: staticHostInfo in /app/api/config/main.php on line 14
PHP message: PHP Stack trace:
PHP message: PHP   1. {main}() /app/api/web/index.php:0
PHP message: PHP   2. require() /app/api/web/index.php:13" while reading response header from upstream, client: 192.168.83.1, server: api.shopscript.dev, request: "POST /oauth2/token HTTP/1.1", upstream: "fastcgi://unix:/var/run/php/php7.1-fpm.sock:", host: "api.shopscript.dev"
2018/11/02 07:00:33 [error] 1900#1900: *252 FastCGI sent in stderr: "PHP message: PHP Notice:  Undefined index: staticPath in /app/api/config/main.php on line 13
PHP message: PHP Stack trace:
PHP message: PHP   1. {main}() /app/api/web/index.php:0
PHP message: PHP   2. require() /app/api/web/index.php:13
PHP message: PHP Notice:  Undefined index: staticHostInfo in /app/api/config/main.php on line 14
PHP message: PHP Stack trace:
PHP message: PHP   1. {main}() /app/api/web/index.php:0
PHP message: PHP   2. require() /app/api/web/index.php:13" while reading response header from upstream, client: 192.168.83.1, server: api.shopscript.dev, request: "POST /oauth2/token HTTP/1.1", upstream: "fastcgi://unix:/var/run/php/php7.1-fpm.sock:", host: "api.shopscript.dev"
2018/11/02 07:01:04 [error] 1900#1900: *254 FastCGI sent in stderr: "PHP message: PHP Notice:  Undefined index: staticPath in /app/api/config/main.php on line 13
PHP message: PHP Stack trace:
PHP message: PHP   1. {main}() /app/api/web/index.php:0
PHP message: PHP   2. require() /app/api/web/index.php:13
PHP message: PHP Notice:  Undefined index: staticHostInfo in /app/api/config/main.php on line 14
PHP message: PHP Stack trace:
PHP message: PHP   1. {main}() /app/api/web/index.php:0
PHP message: PHP   2. require() /app/api/web/index.php:13" while reading response header from upstream, client: 192.168.83.1, server: api.shopscript.dev, request: "POST /oauth2/token HTTP/1.1", upstream: "fastcgi://unix:/var/run/php/php7.1-fpm.sock:", host: "api.shopscript.dev"
